<?xml version="1.0" encoding="UTF-8"?>
<!-- Generated by org.testng.reporters.JUnitReportReporter -->
<testsuite hostname="pop-os" failures="0" tests="3" name="restaurantTest.AlmacenTest" time="0.008" errors="0" timestamp="15 Oct 2020 14:55:10 GMT" skipped="0">
  <testcase classname="restaurantTest.AlmacenTest" name="testEsPosibleCocinar" time="0.002"/>
  <testcase classname="restaurantTest.AlmacenTest" name="testIngresaIngredientes" time="0.006"/>
  <testcase classname="restaurantTest.AlmacenTest" name="testIngresaIngredientes" time="0.000"/>
</testsuite> <!-- restaurantTest.AlmacenTest -->
